<?xml version="1.0" encoding="UTF-8"?>
<!-- Generated by org.testng.reporters.JUnitReportReporter -->
<testsuite hostname="Tanveer" failures="0" tests="3" name="com.ecom.project.test.IndexTest" time="2.071" errors="0" timestamp="2024-03-19T22:20:39 IST" skipped="0">
  <testcase classname="com.ecom.project.test.IndexTest" name="checkCurrency" time="1.010"/>
  <testcase classname="com.ecom.project.test.IndexTest" name="verifySiteMapPage" time="0.553"/>
  <testcase classname="com.ecom.project.test.IndexTest" name="verifyShipAndReturnsPage" time="0.508"/>
</testsuite> <!-- com.ecom.project.test.IndexTest -->
