<?xml version="1.0" encoding="UTF-8"?>
<!-- Generated by org.testng.reporters.JUnitReportReporter -->
<testsuite hostname="VishaliK" failures="0" tests="12" name="com.ecom.project.test.RegisterTest" time="2.048" errors="0" timestamp="2024-03-14T19:15:33 IST" skipped="0">
  <testcase classname="com.ecom.project.test.RegisterTest" name="clickOnRegister" time="0.559"/>
  <testcase classname="com.ecom.project.test.RegisterTest" name="clickOnVerifyGenderFemale" time="0.087"/>
  <testcase classname="com.ecom.project.test.RegisterTest" name="fname" time="0.117"/>
  <testcase classname="com.ecom.project.test.RegisterTest" name="lname" time="0.079"/>
  <testcase classname="com.ecom.project.test.RegisterTest" name="checkDay" time="0.260"/>
  <testcase classname="com.ecom.project.test.RegisterTest" name="checkMonth" time="0.335"/>
  <testcase classname="com.ecom.project.test.RegisterTest" name="checkYear" time="0.141"/>
  <testcase classname="com.ecom.project.test.RegisterTest" name="checkOnEmail" time="0.149"/>
  <testcase classname="com.ecom.project.test.RegisterTest" name="checkOnCompany" time="0.104"/>
  <testcase classname="com.ecom.project.test.RegisterTest" name="checkOnCheckBox" time="0.028"/>
  <testcase classname="com.ecom.project.test.RegisterTest" name="password" time="0.098"/>
  <testcase classname="com.ecom.project.test.RegisterTest" name="checkOnConfirmPass" time="0.091"/>
</testsuite> <!-- com.ecom.project.test.RegisterTest -->
