<?xml version="1.0" encoding="UTF-8"?>
<!-- Generated by org.testng.reporters.JUnitReportReporter -->
<testsuite hostname="Tanveer" failures="0" tests="12" name="com.ecom.project.test.RegisterTest" time="3.704" errors="0" timestamp="2024-03-19T22:27:25 IST" skipped="0">
  <testcase classname="com.ecom.project.test.RegisterTest" name="clickOnRegister" time="0.808"/>
  <testcase classname="com.ecom.project.test.RegisterTest" name="clickOnVerifyGenderFemale" time="0.240"/>
  <testcase classname="com.ecom.project.test.RegisterTest" name="fname" time="0.207"/>
  <testcase classname="com.ecom.project.test.RegisterTest" name="lname" time="0.130"/>
  <testcase classname="com.ecom.project.test.RegisterTest" name="checkDay" time="0.425"/>
  <testcase classname="com.ecom.project.test.RegisterTest" name="checkMonth" time="0.524"/>
  <testcase classname="com.ecom.project.test.RegisterTest" name="checkYear" time="0.380"/>
  <testcase classname="com.ecom.project.test.RegisterTest" name="checkOnEmail" time="0.342"/>
  <testcase classname="com.ecom.project.test.RegisterTest" name="checkOnCompany" time="0.211"/>
  <testcase classname="com.ecom.project.test.RegisterTest" name="checkOnCheckBox" time="0.196"/>
  <testcase classname="com.ecom.project.test.RegisterTest" name="password" time="0.128"/>
  <testcase classname="com.ecom.project.test.RegisterTest" name="checkOnConfirmPass" time="0.113"/>
</testsuite> <!-- com.ecom.project.test.RegisterTest -->
