<?xml version="1.0" encoding="UTF-8"?>
<!-- Generated by org.testng.reporters.JUnitReportReporter -->
<testsuite hostname="Tanveer" failures="0" tests="4" name="com.ecom.project.test.LoginTest" time="0.123" errors="0" timestamp="2024-03-19T23:24:40 IST" skipped="0">
  <testcase classname="com.ecom.project.test.LoginTest" name="tests3" time="0.014"/>
  <testcase classname="com.ecom.project.test.LoginTest" name="tests" time="0.101"/>
  <testcase classname="com.ecom.project.test.LoginTest" name="tests2" time="0.004"/>
  <testcase classname="com.ecom.project.test.LoginTest" name="tests1" time="0.004"/>
</testsuite> <!-- com.ecom.project.test.LoginTest -->
